<?xml version="1.0" encoding="UTF-8"?>
<!-- Generated by org.testng.reporters.JUnitReportReporter -->
<testsuite hostname="DESKTOP-56HVALE" failures="0" tests="2" name="testCases.ClientTestCases" time="95.449" errors="0" timestamp="2023-11-06T21:20:58 IST" skipped="0">
  <testcase classname="testCases.ClientTestCases" name="createClient" time="53.527"/>
  <system-out/>
  <testcase classname="testCases.ClientTestCases" name="createClient" time="41.922"/>
  <system-out/>
</testsuite> <!-- testCases.ClientTestCases -->
