<?xml version="1.0" encoding="UTF-8"?>
<!-- Generated by org.testng.reporters.JUnitReportReporter -->
<testsuite hostname="DESKTOP-56HVALE" failures="0" tests="2" name="testCases.LoginTestCase" time="68.909" errors="0" timestamp="2023-11-06T21:20:58 IST" skipped="0">
  <testcase classname="testCases.LoginTestCase" name="verifyValidLogin" time="37.045"/>
  <system-out/>
  <testcase classname="testCases.LoginTestCase" name="verifyValidLogin" time="31.864"/>
  <system-out/>
</testsuite> <!-- testCases.LoginTestCase -->
