<?xml version="1.0" encoding="UTF-8"?>
<!-- Generated by org.testng.reporters.JUnitReportReporter -->
<testsuite hostname="DESKTOP-56HVALE" failures="0" tests="3" name="testCases.WorkersTestCases" time="124.984" errors="0" timestamp="2023-11-06T21:20:58 IST" skipped="1">
  <testcase classname="testCases.WorkersTestCases" name="searchAndEditWorker" time="34.517"/>
  <system-out/>
  <testcase classname="testCases.WorkersTestCases" name="searchAndEditWorker" time="44.070">
    <skipped/>
  </testcase> <!-- searchAndEditWorker -->
  <system-out/>
  <testcase classname="testCases.WorkersTestCases" name="searchAndEditWorker" time="46.397"/>
  <system-out/>
</testsuite> <!-- testCases.WorkersTestCases -->
