<?xml version="1.0" encoding="UTF-8"?>
<!-- Generated by org.testng.reporters.JUnitReportReporter -->
<testsuite hostname="DESKTOP-56HVALE" failures="0" tests="2" name="testCases.TimeSheetTestCases" time="71.805" errors="0" timestamp="2023-11-06T21:20:58 IST" skipped="0">
  <testcase classname="testCases.TimeSheetTestCases" name="createTimeSheetFromFile" time="36.730"/>
  <system-out/>
  <testcase classname="testCases.TimeSheetTestCases" name="createTimeSheetFromFile" time="35.075"/>
  <system-out/>
</testsuite> <!-- testCases.TimeSheetTestCases -->
